 
****************************************
Report : power
        -analysis_effort low
Design : mac_unit
Version: V-2023.12-SP5-3
Date   : Tue Nov  4 10:16:35 2025
****************************************


Library(s) Used:

    tsl18fs120_scl_ff (File: /home/SynopsysInstalledTools/SCLPDK/scl_pdk/stdlib/fs120/liberty/lib_flow_ff/tsl18fs120_scl_ff.db)


Operating Conditions: tsl18fs120_scl_ff   Library: tsl18fs120_scl_ff
Wire Load Model Mode: top

Design        Wire Load Model            Library
------------------------------------------------
mac_unit               16000             tsl18fs120_scl_ff


Global Operating Voltage = 1.98 
Power-specific unit information :
    Voltage Units = 1V
    Capacitance Units = 1.000000pf
    Time Units = 1ns
    Dynamic Power Units = 1mW    (derived from V,C,T units)
    Leakage Power Units = 1pW


Attributes
----------
i - Including register clock pin internal power


  Cell Internal Power  =   2.2922 mW   (53%)
  Net Switching Power  =   2.0546 mW   (47%)
                         ---------
Total Dynamic Power    =   4.3468 mW  (100%)

Cell Leakage Power     =  16.1711 nW

Information: report_power power group summary does not include estimated clock tree power. (PWR-789)

                 Internal         Switching           Leakage            Total
Power Group      Power            Power               Power              Power   (   %    )  Attrs
--------------------------------------------------------------------------------------------------
io_pad             0.0000            0.0000            0.0000            0.0000  (   0.00%)
memory             0.0000            0.0000            0.0000            0.0000  (   0.00%)
black_box          0.0000            0.0000            0.0000            0.0000  (   0.00%)
clock_network      0.0000            0.0000            0.0000            0.0000  (   0.00%)  i
register           0.0000            0.0000            0.0000            0.0000  (   0.00%)
sequential         0.4681        1.4476e-02        8.3840e+03            0.4826  (  11.10%)
combinational      1.8241            2.0401        7.7871e+03            3.8642  (  88.90%)
--------------------------------------------------------------------------------------------------
Total              2.2922 mW         2.0546 mW     1.6171e+04 pW         4.3468 mW
1
